<?xml version="1.0" encoding="UTF-8"?>
<testsuite xmlns:xsi="http://www.w3.org/2001/XMLSchema-instance" xsi:noNamespaceSchemaLocation="https://maven.apache.org/surefire/maven-surefire-plugin/xsd/surefire-test-report.xsd" name="yandex.praktikum.sprint7.CourierCreationTest" time="0.526" tests="4" errors="0" skipped="0" failures="0">
  <properties>
[...]
</properties>
  <testcase name="creatingCourierWithNullLogin" classname="yandex.praktikum.sprint7.CourierCreationTest" time="0.084"/>
  <testcase name="creatingCourier" classname="yandex.praktikum.sprint7.CourierCreationTest" time="0.267"/>
  <testcase name="creatingCourierWithNullPassword" classname="yandex.praktikum.sprint7.CourierCreationTest" time="0.079"/>
  <testcase name="reRegistrationOfCourier" classname="yandex.praktikum.sprint7.CourierCreationTest" time="0.092"/>
</testsuite>